date: "2014-12-05 19:06:41.684"
argv: node /usr/local/bin/hexo server
os: Darwin 13.4.0 darwin x64
versions:
  http_parser: "1.0"
  node: 0.10.33
  v8: 3.14.5.9
  ares: 1.9.0-DEV
  uv: 0.10.29
  zlib: 1.2.3
  modules: "11"
  openssl: 1.0.1j
  hexo: 2.8.3
---
[debug] 19:06:41.412 Config file loaded from /_arch/_gitHub/_rafszul/rafszul.github.io/_config.yml[debug] 19:06:41.415 Version info checked successfully[debug] 19:06:41.432 Loading database.[debug] 19:06:41.468 Processed: draft.md (1ms)[debug] 19:06:41.468 Processed: page.md (1ms)[debug] 19:06:41.469 Processed: photo.md (2ms)[debug] 19:06:41.469 Processed: post.md (1ms)[debug] 19:06:41.490 Plugin loaded successfully: hexo-renderer-ejs[debug] 19:06:41.503 Plugin loaded successfully: hexo-renderer-marked[debug] 19:06:41.623 Plugin loaded successfully: hexo-renderer-stylus[debug] 19:06:41.625 Script load successfully: fancybox.js[debug] 19:06:41.641 Processed: _posts/hello-world.md (4ms)[debug] 19:06:41.653 Processed: source/js/script.js (0ms)[debug] 19:06:41.654 Processed: source/css/_extend.styl (1ms)[debug] 19:06:41.654 Processed: source/css/_variables.styl (0ms)[debug] 19:06:41.654 Processed: source/css/style.styl (0ms)[debug] 19:06:41.654 Processed: source/css/_partial/archive.styl (0ms)[debug] 19:06:41.654 Processed: source/css/_partial/article.styl (0ms)[debug] 19:06:41.654 Processed: source/css/_partial/comment.styl (0ms)[debug] 19:06:41.654 Processed: source/css/_partial/footer.styl (0ms)[debug] 19:06:41.654 Processed: source/css/_partial/header.styl (0ms)[debug] 19:06:41.654 Processed: source/css/_partial/highlight.styl (0ms)[debug] 19:06:41.654 Processed: source/css/_partial/mobile.styl (0ms)[debug] 19:06:41.654 Processed: source/css/_partial/sidebar-aside.styl (0ms)[debug] 19:06:41.654 Processed: source/css/_partial/sidebar-bottom.styl (0ms)[debug] 19:06:41.655 Processed: source/css/_partial/sidebar.styl (0ms)[debug] 19:06:41.655 Processed: source/css/_util/grid.styl (0ms)[debug] 19:06:41.655 Processed: source/css/_util/mixin.styl (0ms)[debug] 19:06:41.655 Processed: source/css/fonts/FontAwesome.otf (0ms)[debug] 19:06:41.655 Processed: source/css/fonts/fontawesome-webfont.eot (0ms)[debug] 19:06:41.655 Processed: source/css/fonts/fontawesome-webfont.svg (0ms)[debug] 19:06:41.655 Processed: source/css/fonts/fontawesome-webfont.ttf (0ms)[debug] 19:06:41.655 Processed: source/css/fonts/fontawesome-webfont.woff (0ms)[debug] 19:06:41.656 Processed: source/css/images/banner.jpg (1ms)[debug] 19:06:41.656 Processed: source/fancybox/blank.gif (0ms)[debug] 19:06:41.659 Processed: source/fancybox/fancybox_loading.gif (3ms)[debug] 19:06:41.660 Processed: source/fancybox/fancybox_loading@2x.gif (1ms)[debug] 19:06:41.660 Processed: source/fancybox/fancybox_overlay.png (0ms)[debug] 19:06:41.660 Processed: source/fancybox/fancybox_sprite.png (0ms)[debug] 19:06:41.660 Processed: source/fancybox/fancybox_sprite@2x.png (0ms)[debug] 19:06:41.660 Processed: source/fancybox/jquery.fancybox.css (0ms)[debug] 19:06:41.660 Processed: source/fancybox/jquery.fancybox.js (0ms)[debug] 19:06:41.660 Processed: source/fancybox/jquery.fancybox.pack.js (0ms)[debug] 19:06:41.661 Processed: source/fancybox/helpers/fancybox_buttons.png (1ms)[debug] 19:06:41.661 Processed: source/fancybox/helpers/jquery.fancybox-buttons.css (0ms)[debug] 19:06:41.661 Processed: source/fancybox/helpers/jquery.fancybox-buttons.js (0ms)[debug] 19:06:41.661 Processed: source/fancybox/helpers/jquery.fancybox-media.js (0ms)[debug] 19:06:41.661 Processed: source/fancybox/helpers/jquery.fancybox-thumbs.css (0ms)[debug] 19:06:41.662 Processed: source/fancybox/helpers/jquery.fancybox-thumbs.js (1ms)[debug] 19:06:41.664 Processed: layout/archive.ejs (14ms)[debug] 19:06:41.665 Processed: layout/category.ejs (15ms)[debug] 19:06:41.665 Processed: layout/index.ejs (15ms)[debug] 19:06:41.665 Processed: layout/layout.ejs (15ms)[debug] 19:06:41.665 Processed: layout/page.ejs (15ms)[debug] 19:06:41.665 Processed: layout/post.ejs (15ms)[debug] 19:06:41.665 Processed: layout/tag.ejs (15ms)[debug] 19:06:41.665 Processed: layout/_widget/archive.ejs (15ms)[debug] 19:06:41.665 Processed: layout/_widget/category.ejs (15ms)[debug] 19:06:41.665 Processed: layout/_widget/recent_posts.ejs (14ms)[debug] 19:06:41.665 Processed: layout/_widget/tag.ejs (14ms)[debug] 19:06:41.665 Processed: layout/_widget/tagcloud.ejs (14ms)[debug] 19:06:41.665 Processed: layout/_partial/after-footer.ejs (14ms)[debug] 19:06:41.665 Processed: layout/_partial/archive-post.ejs (14ms)[debug] 19:06:41.665 Processed: layout/_partial/archive.ejs (14ms)[debug] 19:06:41.665 Processed: layout/_partial/article.ejs (14ms)[debug] 19:06:41.665 Processed: layout/_partial/footer.ejs (14ms)[debug] 19:06:41.665 Processed: layout/_partial/google-analytics.ejs (14ms)[debug] 19:06:41.665 Processed: layout/_partial/head.ejs (14ms)[debug] 19:06:41.665 Processed: layout/_partial/header.ejs (14ms)[debug] 19:06:41.665 Processed: layout/_partial/mobile-nav.ejs (14ms)[debug] 19:06:41.665 Processed: layout/_partial/sidebar.ejs (13ms)[debug] 19:06:41.665 Processed: layout/_partial/post/category.ejs (13ms)[debug] 19:06:41.665 Processed: layout/_partial/post/date.ejs (13ms)[debug] 19:06:41.665 Processed: layout/_partial/post/gallery.ejs (13ms)[debug] 19:06:41.665 Processed: layout/_partial/post/nav.ejs (13ms)[debug] 19:06:41.665 Processed: layout/_partial/post/tag.ejs (13ms)[debug] 19:06:41.665 Processed: layout/_partial/post/title.ejs (13ms)[debug] 19:06:41.666 Theme config loaded[debug] 19:06:41.666 Processed: _config.yml (17ms)[debug] 19:06:41.672 Generator: archive (3ms)[debug] 19:06:41.672 Generator: category (0ms)[debug] 19:06:41.673 Generator: home (1ms)[debug] 19:06:41.673 Generator: page (0ms)[debug] 19:06:41.673 Generator: post (0ms)[debug] 19:06:41.674 Generator: tag (1ms)[debug] 19:06:41.675 Generator: asset (1ms)[error] 19:06:41.680 HexoError: Port 4000 has been used. Try other port instead.
Error: listen EADDRINUSE
    at errnoException (net.js:904:11)
    at Server._listen2 (net.js:1042:14)
    at listen (net.js:1064:10)
    at net.js:1146:9
    at asyncCallback (dns.js:68:16)
    at Object.onanswer [as oncomplete] (dns.js:121:9)
